<?xml version="1.0" encoding="UTF-8"?>
<!-- Generated by org.testng.reporters.JUnitReportReporter -->
<testsuite skipped="2" hostname="Parag-PC" name="Test.B" tests="3" failures="0" timestamp="20 Oct 2019 08:52:21 GMT" time="0.005" errors="0">
  <testcase name="Test" time="0.001" classname="Test.B">
    <skipped/>
  </testcase> <!-- Test -->
  <testcase name="Test" time="0.001" classname="Test.B"/>
  <testcase name="Test" time="0.003" classname="Test.B">
    <skipped/>
  </testcase> <!-- Test -->
</testsuite> <!-- Test.B -->
