<?xml version="1.0" encoding="UTF-8"?>
<!-- Generated by org.testng.reporters.JUnitReportReporter -->
<testsuite skipped="0" hostname="Parag-PC" name="Test.A" tests="1" failures="0" timestamp="20 Oct 2019 08:52:21 GMT" time="0.012" errors="0">
  <testcase name="Test" time="0.012" classname="Test.A"/>
</testsuite> <!-- Test.A -->
